2020-11-11 09:58:57.951  INFO 21552 --- [main] lavalink.server.Launcher                 : 

[32m       .  [31m _                  _ _       _    [32m__ _ _
[32m      /\\ [31m| | __ ___   ____ _| (_)_ __ | | __[32m\ \ \ \
[32m     ( ( )[31m| |/ _` \ \ / / _` | | | '_ \| |/ /[32m \ \ \ \
[32m      \\/ [31m| | (_| |\ V / (_| | | | | | |   < [32m  ) ) ) )
[32m       '  [31m|_|\__,_| \_/ \__,_|_|_|_| |_|_|\_\[32m / / / /
[0m    =========================================[32m/_/_/_/[0m

	Version:        3.3.2.1
	Build:          1132
	Build time:     28.10.2020 21:44:36 UTC
	Branch          master
	Commit:         833f72e
	Commit time:    28.10.2020 21:39:31 UTC
	JVM:            13
	Lavaplayer      1.3.53

2020-11-11 09:58:58.124  WARN 21552 --- [background-preinit] o.s.h.c.j.Jackson2ObjectMapperBuilder    : For Jackson Kotlin classes support please add "com.fasterxml.jackson.module:jackson-module-kotlin" to the classpath
2020-11-11 09:58:58.132  INFO 21552 --- [main] lavalink.server.Launcher                 : Starting Launcher on DESKTOP-OPSSS46 with PID 21552 (C:\Discord\projet\Lavalink.jar started by nocti in C:\Discord\projet)
2020-11-11 09:58:58.134  INFO 21552 --- [main] lavalink.server.Launcher                 : No active profile set, falling back to default profiles: default
2020-11-11 09:58:59.638  WARN 21552 --- [main] io.undertow.websockets.jsr               : UT026010: Buffer pool was not set on WebSocketDeploymentInfo, the default pool will be used
2020-11-11 09:58:59.663  INFO 21552 --- [main] io.undertow.servlet                      : Initializing Spring embedded WebApplicationContext
2020-11-11 09:58:59.664  INFO 21552 --- [main] o.s.web.context.ContextLoader            : Root WebApplicationContext: initialization completed in 1466 ms
2020-11-11 09:58:59.987  WARN 21552 --- [main] l.server.config.SentryConfiguration      : Turning off sentry
2020-11-11 09:59:00.577  INFO 21552 --- [main] c.s.d.l.tools.GarbageCollectionMonitor   : GC monitoring enabled, reporting results every 2 minutes.
2020-11-11 09:59:00.894  INFO 21552 --- [main] lavalink.server.config.KoeConfiguration  : OS: Windows 10, Arch: amd64
2020-11-11 09:59:00.895  WARN 21552 --- [main] lavalink.server.config.KoeConfiguration  : This system and architecture appears to not support native audio sending! GC pauses may cause your bot to stutter during playback.
2020-11-11 09:59:01.270  INFO 21552 --- [main] o.s.s.concurrent.ThreadPoolTaskExecutor  : Initializing ExecutorService 'applicationTaskExecutor'
2020-11-11 09:59:01.601  INFO 21552 --- [main] org.xnio                                 : XNIO version 3.3.8.Final
2020-11-11 09:59:01.621  INFO 21552 --- [main] org.xnio.nio                             : XNIO NIO Implementation Version 3.3.8.Final
2020-11-11 09:59:01.682  INFO 21552 --- [main] o.s.b.w.e.u.UndertowServletWebServer     : Undertow started on port(s) 8000 (http) with context path ''
2020-11-11 09:59:01.687  INFO 21552 --- [main] lavalink.server.Launcher                 : Started Launcher in 4.439 seconds (JVM running for 5.871)
2020-11-11 09:59:01.689  INFO 21552 --- [main] lavalink.server.Launcher                 : You can safely ignore the big red warning about illegal reflection. See https://github.com/Frederikam/Lavalink/issues/295
2020-11-11 09:59:23.624  INFO 21552 --- [Thread-1] o.s.s.concurrent.ThreadPoolTaskExecutor  : Shutting down ExecutorService 'applicationTaskExecutor'
2020-11-11 09:59:23.630  INFO 21552 --- [Thread-1] c.s.d.l.tools.GarbageCollectionMonitor   : GC monitoring disabled.
2020-11-11 10:06:03.129  INFO 19616 --- [main] lavalink.server.Launcher                 : 

[32m       .  [31m _                  _ _       _    [32m__ _ _
[32m      /\\ [31m| | __ ___   ____ _| (_)_ __ | | __[32m\ \ \ \
[32m     ( ( )[31m| |/ _` \ \ / / _` | | | '_ \| |/ /[32m \ \ \ \
[32m      \\/ [31m| | (_| |\ V / (_| | | | | | |   < [32m  ) ) ) )
[32m       '  [31m|_|\__,_| \_/ \__,_|_|_|_| |_|_|\_\[32m / / / /
[0m    =========================================[32m/_/_/_/[0m

	Version:        3.3.2.1
	Build:          1132
	Build time:     28.10.2020 21:44:36 UTC
	Branch          master
	Commit:         833f72e
	Commit time:    28.10.2020 21:39:31 UTC
	JVM:            13
	Lavaplayer      1.3.53

2020-11-11 10:06:03.273  INFO 19616 --- [main] lavalink.server.Launcher                 : Starting Launcher on DESKTOP-OPSSS46 with PID 19616 (C:\Discord\projet\Lavalink.jar started by nocti in C:\Discord\projet)
2020-11-11 10:06:03.275  INFO 19616 --- [main] lavalink.server.Launcher                 : No active profile set, falling back to default profiles: default
2020-11-11 10:06:03.331  WARN 19616 --- [background-preinit] o.s.h.c.j.Jackson2ObjectMapperBuilder    : For Jackson Kotlin classes support please add "com.fasterxml.jackson.module:jackson-module-kotlin" to the classpath
2020-11-11 10:06:04.623  WARN 19616 --- [main] io.undertow.websockets.jsr               : UT026010: Buffer pool was not set on WebSocketDeploymentInfo, the default pool will be used
2020-11-11 10:06:04.648  INFO 19616 --- [main] io.undertow.servlet                      : Initializing Spring embedded WebApplicationContext
2020-11-11 10:06:04.649  INFO 19616 --- [main] o.s.web.context.ContextLoader            : Root WebApplicationContext: initialization completed in 1299 ms
2020-11-11 10:06:05.026  WARN 19616 --- [main] l.server.config.SentryConfiguration      : Turning off sentry
2020-11-11 10:06:05.295  INFO 19616 --- [main] c.s.d.l.tools.GarbageCollectionMonitor   : GC monitoring enabled, reporting results every 2 minutes.
2020-11-11 10:06:05.657  INFO 19616 --- [main] lavalink.server.config.KoeConfiguration  : OS: Windows 10, Arch: amd64
2020-11-11 10:06:05.658  WARN 19616 --- [main] lavalink.server.config.KoeConfiguration  : This system and architecture appears to not support native audio sending! GC pauses may cause your bot to stutter during playback.
2020-11-11 10:06:05.943  INFO 19616 --- [main] o.s.s.concurrent.ThreadPoolTaskExecutor  : Initializing ExecutorService 'applicationTaskExecutor'
2020-11-11 10:06:06.288  INFO 19616 --- [main] org.xnio                                 : XNIO version 3.3.8.Final
2020-11-11 10:06:06.300  INFO 19616 --- [main] org.xnio.nio                             : XNIO NIO Implementation Version 3.3.8.Final
2020-11-11 10:06:06.394  INFO 19616 --- [main] o.s.b.w.e.u.UndertowServletWebServer     : Undertow started on port(s) 8000 (http) with context path ''
2020-11-11 10:06:06.419  INFO 19616 --- [main] lavalink.server.Launcher                 : Started Launcher in 3.865 seconds (JVM running for 4.318)
2020-11-11 10:06:06.435  INFO 19616 --- [main] lavalink.server.Launcher                 : You can safely ignore the big red warning about illegal reflection. See https://github.com/Frederikam/Lavalink/issues/295
2020-11-11 10:06:15.329  INFO 19616 --- [Thread-1] o.s.s.concurrent.ThreadPoolTaskExecutor  : Shutting down ExecutorService 'applicationTaskExecutor'
2020-11-11 10:06:15.335  INFO 19616 --- [Thread-1] c.s.d.l.tools.GarbageCollectionMonitor   : GC monitoring disabled.
2020-11-11 10:06:29.507  INFO 8444 --- [main] lavalink.server.Launcher                 : 

[32m       .  [31m _                  _ _       _    [32m__ _ _
[32m      /\\ [31m| | __ ___   ____ _| (_)_ __ | | __[32m\ \ \ \
[32m     ( ( )[31m| |/ _` \ \ / / _` | | | '_ \| |/ /[32m \ \ \ \
[32m      \\/ [31m| | (_| |\ V / (_| | | | | | |   < [32m  ) ) ) )
[32m       '  [31m|_|\__,_| \_/ \__,_|_|_|_| |_|_|\_\[32m / / / /
[0m    =========================================[32m/_/_/_/[0m

	Version:        3.3.2.1
	Build:          1132
	Build time:     28.10.2020 21:44:36 UTC
	Branch          master
	Commit:         833f72e
	Commit time:    28.10.2020 21:39:31 UTC
	JVM:            13
	Lavaplayer      1.3.53

2020-11-11 10:06:29.627  INFO 8444 --- [main] lavalink.server.Launcher                 : Starting Launcher on DESKTOP-OPSSS46 with PID 8444 (C:\Discord\projet\Lavalink.jar started by nocti in C:\Discord\projet)
2020-11-11 10:06:29.628  INFO 8444 --- [main] lavalink.server.Launcher                 : No active profile set, falling back to default profiles: default
2020-11-11 10:06:29.717  WARN 8444 --- [background-preinit] o.s.h.c.j.Jackson2ObjectMapperBuilder    : For Jackson Kotlin classes support please add "com.fasterxml.jackson.module:jackson-module-kotlin" to the classpath
2020-11-11 10:06:31.067  WARN 8444 --- [main] io.undertow.websockets.jsr               : UT026010: Buffer pool was not set on WebSocketDeploymentInfo, the default pool will be used
2020-11-11 10:06:31.096  INFO 8444 --- [main] io.undertow.servlet                      : Initializing Spring embedded WebApplicationContext
2020-11-11 10:06:31.097  INFO 8444 --- [main] o.s.web.context.ContextLoader            : Root WebApplicationContext: initialization completed in 1411 ms
2020-11-11 10:06:31.475  WARN 8444 --- [main] l.server.config.SentryConfiguration      : Turning off sentry
2020-11-11 10:06:31.852  INFO 8444 --- [main] c.s.d.l.tools.GarbageCollectionMonitor   : GC monitoring enabled, reporting results every 2 minutes.
2020-11-11 10:06:32.180  INFO 8444 --- [main] lavalink.server.config.KoeConfiguration  : OS: Windows 10, Arch: amd64
2020-11-11 10:06:32.181  WARN 8444 --- [main] lavalink.server.config.KoeConfiguration  : This system and architecture appears to not support native audio sending! GC pauses may cause your bot to stutter during playback.
2020-11-11 10:06:32.449  INFO 8444 --- [main] o.s.s.concurrent.ThreadPoolTaskExecutor  : Initializing ExecutorService 'applicationTaskExecutor'
2020-11-11 10:06:32.788  INFO 8444 --- [main] org.xnio                                 : XNIO version 3.3.8.Final
2020-11-11 10:06:32.820  INFO 8444 --- [main] org.xnio.nio                             : XNIO NIO Implementation Version 3.3.8.Final
2020-11-11 10:06:32.907  INFO 8444 --- [main] o.s.b.w.e.u.UndertowServletWebServer     : Undertow started on port(s) 8000 (http) with context path ''
2020-11-11 10:06:32.941  INFO 8444 --- [main] lavalink.server.Launcher                 : Started Launcher in 3.984 seconds (JVM running for 4.426)
2020-11-11 10:06:32.947  INFO 8444 --- [main] lavalink.server.Launcher                 : You can safely ignore the big red warning about illegal reflection. See https://github.com/Frederikam/Lavalink/issues/295
2020-11-11 10:09:18.851  INFO 8444 --- [Thread-1] o.s.s.concurrent.ThreadPoolTaskExecutor  : Shutting down ExecutorService 'applicationTaskExecutor'
2020-11-11 10:09:18.854  INFO 8444 --- [Thread-1] c.s.d.l.tools.GarbageCollectionMonitor   : GC monitoring disabled.
2020-11-11 10:10:16.542  INFO 16852 --- [main] lavalink.server.Launcher                 : 

[32m       .  [31m _                  _ _       _    [32m__ _ _
[32m      /\\ [31m| | __ ___   ____ _| (_)_ __ | | __[32m\ \ \ \
[32m     ( ( )[31m| |/ _` \ \ / / _` | | | '_ \| |/ /[32m \ \ \ \
[32m      \\/ [31m| | (_| |\ V / (_| | | | | | |   < [32m  ) ) ) )
[32m       '  [31m|_|\__,_| \_/ \__,_|_|_|_| |_|_|\_\[32m / / / /
[0m    =========================================[32m/_/_/_/[0m

	Version:        43b79fa4a9ab722862e18ef5ab008ca757844703-SNAPSHOT
	Build:          1072
	Build time:     18.06.2020 21:38:48 UTC
	Branch          HEAD
	Commit:         43b79fa
	Commit time:    18.06.2020 21:33:59 UTC
	JVM:            13
	Lavaplayer      1.3.49

2020-11-11 10:10:16.663  INFO 16852 --- [main] lavalink.server.Launcher                 : Starting Launcher on DESKTOP-OPSSS46 with PID 16852 (C:\Discord\projet\Lavalink.jar started by nocti in C:\Discord\projet)
2020-11-11 10:10:16.664  INFO 16852 --- [main] lavalink.server.Launcher                 : No active profile set, falling back to default profiles: default
2020-11-11 10:10:16.746  WARN 16852 --- [background-preinit] o.s.h.c.j.Jackson2ObjectMapperBuilder    : For Jackson Kotlin classes support please add "com.fasterxml.jackson.module:jackson-module-kotlin" to the classpath
2020-11-11 10:10:17.919  WARN 16852 --- [main] io.undertow.websockets.jsr               : UT026010: Buffer pool was not set on WebSocketDeploymentInfo, the default pool will be used
2020-11-11 10:10:17.950  INFO 16852 --- [main] io.undertow.servlet                      : Initializing Spring embedded WebApplicationContext
2020-11-11 10:10:17.950  INFO 16852 --- [main] o.s.web.context.ContextLoader            : Root WebApplicationContext: initialization completed in 1228 ms
2020-11-11 10:10:18.299  WARN 16852 --- [main] l.server.config.SentryConfiguration      : Turning off sentry
2020-11-11 10:10:18.560  INFO 16852 --- [main] c.s.d.l.tools.GarbageCollectionMonitor   : GC monitoring enabled, reporting results every 2 minutes.
2020-11-11 10:10:18.869  INFO 16852 --- [main] lavalink.server.config.KoeConfiguration  : OS: Windows 10, Arch: amd64
2020-11-11 10:10:18.870  WARN 16852 --- [main] lavalink.server.config.KoeConfiguration  : This system and architecture appears to not support native audio sending! GC pauses may cause your bot to stutter during playback.
2020-11-11 10:10:19.140  INFO 16852 --- [main] o.s.s.concurrent.ThreadPoolTaskExecutor  : Initializing ExecutorService 'applicationTaskExecutor'
2020-11-11 10:10:19.395  INFO 16852 --- [main] org.xnio                                 : XNIO version 3.3.8.Final
2020-11-11 10:10:19.415  INFO 16852 --- [main] org.xnio.nio                             : XNIO NIO Implementation Version 3.3.8.Final
2020-11-11 10:10:19.469  INFO 16852 --- [main] o.s.b.w.e.u.UndertowServletWebServer     : Undertow started on port(s) 8000 (http) with context path ''
2020-11-11 10:10:19.475  INFO 16852 --- [main] lavalink.server.Launcher                 : Started Launcher in 3.489 seconds (JVM running for 3.99)
2020-11-11 10:10:19.486  INFO 16852 --- [main] lavalink.server.Launcher                 : You can safely ignore the big red warning about illegal reflection. See https://github.com/Frederikam/Lavalink/issues/295
2020-11-11 10:24:42.498  INFO 16852 --- [Thread-1] o.s.s.concurrent.ThreadPoolTaskExecutor  : Shutting down ExecutorService 'applicationTaskExecutor'
2020-11-11 10:24:42.551  INFO 16852 --- [Thread-1] c.s.d.l.tools.GarbageCollectionMonitor   : GC monitoring disabled.
2020-11-11 12:12:42.185  INFO 24028 --- [main] lavalink.server.Launcher                 : 

[32m       .  [31m _                  _ _       _    [32m__ _ _
[32m      /\\ [31m| | __ ___   ____ _| (_)_ __ | | __[32m\ \ \ \
[32m     ( ( )[31m| |/ _` \ \ / / _` | | | '_ \| |/ /[32m \ \ \ \
[32m      \\/ [31m| | (_| |\ V / (_| | | | | | |   < [32m  ) ) ) )
[32m       '  [31m|_|\__,_| \_/ \__,_|_|_|_| |_|_|\_\[32m / / / /
[0m    =========================================[32m/_/_/_/[0m

	Version:        43b79fa4a9ab722862e18ef5ab008ca757844703-SNAPSHOT
	Build:          1072
	Build time:     18.06.2020 21:38:48 UTC
	Branch          HEAD
	Commit:         43b79fa
	Commit time:    18.06.2020 21:33:59 UTC
	JVM:            13
	Lavaplayer      1.3.49

2020-11-11 12:12:42.307  WARN 24028 --- [background-preinit] o.s.h.c.j.Jackson2ObjectMapperBuilder    : For Jackson Kotlin classes support please add "com.fasterxml.jackson.module:jackson-module-kotlin" to the classpath
2020-11-11 12:12:42.311  INFO 24028 --- [main] lavalink.server.Launcher                 : Starting Launcher on DESKTOP-OPSSS46 with PID 24028 (C:\Discord\projet\Lavalink.jar started by nocti in C:\Discord\projet)
2020-11-11 12:12:42.321  INFO 24028 --- [main] lavalink.server.Launcher                 : No active profile set, falling back to default profiles: default
2020-11-11 12:12:43.636  WARN 24028 --- [main] io.undertow.websockets.jsr               : UT026010: Buffer pool was not set on WebSocketDeploymentInfo, the default pool will be used
2020-11-11 12:12:43.667  INFO 24028 --- [main] io.undertow.servlet                      : Initializing Spring embedded WebApplicationContext
2020-11-11 12:12:43.668  INFO 24028 --- [main] o.s.web.context.ContextLoader            : Root WebApplicationContext: initialization completed in 1300 ms
2020-11-11 12:12:44.029  WARN 24028 --- [main] l.server.config.SentryConfiguration      : Turning off sentry
2020-11-11 12:12:44.587  INFO 24028 --- [main] c.s.d.l.tools.GarbageCollectionMonitor   : GC monitoring enabled, reporting results every 2 minutes.
2020-11-11 12:12:44.969  INFO 24028 --- [main] lavalink.server.config.KoeConfiguration  : OS: Windows 10, Arch: amd64
2020-11-11 12:12:44.982  WARN 24028 --- [main] lavalink.server.config.KoeConfiguration  : This system and architecture appears to not support native audio sending! GC pauses may cause your bot to stutter during playback.
2020-11-11 12:12:45.267  INFO 24028 --- [main] o.s.s.concurrent.ThreadPoolTaskExecutor  : Initializing ExecutorService 'applicationTaskExecutor'
2020-11-11 12:12:45.642  INFO 24028 --- [main] org.xnio                                 : XNIO version 3.3.8.Final
2020-11-11 12:12:45.666  INFO 24028 --- [main] org.xnio.nio                             : XNIO NIO Implementation Version 3.3.8.Final
2020-11-11 12:12:45.720  INFO 24028 --- [main] o.s.b.w.e.u.UndertowServletWebServer     : Undertow started on port(s) 8000 (http) with context path ''
2020-11-11 12:12:45.725  INFO 24028 --- [main] lavalink.server.Launcher                 : Started Launcher in 4.267 seconds (JVM running for 5.961)
2020-11-11 12:12:45.733  INFO 24028 --- [main] lavalink.server.Launcher                 : You can safely ignore the big red warning about illegal reflection. See https://github.com/Frederikam/Lavalink/issues/295
2020-11-11 12:12:49.851  INFO 24028 --- [Thread-1] o.s.s.concurrent.ThreadPoolTaskExecutor  : Shutting down ExecutorService 'applicationTaskExecutor'
2020-11-11 12:12:49.853  INFO 24028 --- [Thread-1] c.s.d.l.tools.GarbageCollectionMonitor   : GC monitoring disabled.
2020-11-11 12:18:26.293  INFO 7880 --- [main] lavalink.server.Launcher                 : 

[32m       .  [31m _                  _ _       _    [32m__ _ _
[32m      /\\ [31m| | __ ___   ____ _| (_)_ __ | | __[32m\ \ \ \
[32m     ( ( )[31m| |/ _` \ \ / / _` | | | '_ \| |/ /[32m \ \ \ \
[32m      \\/ [31m| | (_| |\ V / (_| | | | | | |   < [32m  ) ) ) )
[32m       '  [31m|_|\__,_| \_/ \__,_|_|_|_| |_|_|\_\[32m / / / /
[0m    =========================================[32m/_/_/_/[0m

	Version:        43b79fa4a9ab722862e18ef5ab008ca757844703-SNAPSHOT
	Build:          1072
	Build time:     18.06.2020 21:38:48 UTC
	Branch          HEAD
	Commit:         43b79fa
	Commit time:    18.06.2020 21:33:59 UTC
	JVM:            13
	Lavaplayer      1.3.49

2020-11-11 12:18:26.407  INFO 7880 --- [main] lavalink.server.Launcher                 : Starting Launcher on DESKTOP-OPSSS46 with PID 7880 (C:\Discord\projet\Lavalink.jar started by nocti in C:\Discord\projet)
2020-11-11 12:18:26.408  INFO 7880 --- [main] lavalink.server.Launcher                 : No active profile set, falling back to default profiles: default
2020-11-11 12:18:26.505  WARN 7880 --- [background-preinit] o.s.h.c.j.Jackson2ObjectMapperBuilder    : For Jackson Kotlin classes support please add "com.fasterxml.jackson.module:jackson-module-kotlin" to the classpath
2020-11-11 12:18:27.729  WARN 7880 --- [main] io.undertow.websockets.jsr               : UT026010: Buffer pool was not set on WebSocketDeploymentInfo, the default pool will be used
2020-11-11 12:18:27.753  INFO 7880 --- [main] io.undertow.servlet                      : Initializing Spring embedded WebApplicationContext
2020-11-11 12:18:27.759  INFO 7880 --- [main] o.s.web.context.ContextLoader            : Root WebApplicationContext: initialization completed in 1292 ms
2020-11-11 12:18:28.076  WARN 7880 --- [main] l.server.config.SentryConfiguration      : Turning off sentry
2020-11-11 12:18:28.368  INFO 7880 --- [main] c.s.d.l.tools.GarbageCollectionMonitor   : GC monitoring enabled, reporting results every 2 minutes.
2020-11-11 12:18:28.753  INFO 7880 --- [main] lavalink.server.config.KoeConfiguration  : OS: Windows 10, Arch: amd64
2020-11-11 12:18:28.754  WARN 7880 --- [main] lavalink.server.config.KoeConfiguration  : This system and architecture appears to not support native audio sending! GC pauses may cause your bot to stutter during playback.
2020-11-11 12:18:29.067  INFO 7880 --- [main] o.s.s.concurrent.ThreadPoolTaskExecutor  : Initializing ExecutorService 'applicationTaskExecutor'
2020-11-11 12:18:29.460  INFO 7880 --- [main] org.xnio                                 : XNIO version 3.3.8.Final
2020-11-11 12:18:29.483  INFO 7880 --- [main] org.xnio.nio                             : XNIO NIO Implementation Version 3.3.8.Final
2020-11-11 12:18:29.556  INFO 7880 --- [main] o.s.b.w.e.u.UndertowServletWebServer     : Undertow started on port(s) 8000 (http) with context path ''
2020-11-11 12:18:29.566  INFO 7880 --- [main] lavalink.server.Launcher                 : Started Launcher in 3.801 seconds (JVM running for 4.195)
2020-11-11 12:18:29.584  INFO 7880 --- [main] lavalink.server.Launcher                 : You can safely ignore the big red warning about illegal reflection. See https://github.com/Frederikam/Lavalink/issues/295
2020-11-11 12:20:45.471  INFO 7880 --- [Thread-1] o.s.s.concurrent.ThreadPoolTaskExecutor  : Shutting down ExecutorService 'applicationTaskExecutor'
2020-11-11 12:20:45.473  INFO 7880 --- [Thread-1] c.s.d.l.tools.GarbageCollectionMonitor   : GC monitoring disabled.
